[20:22:58] [ServerMain/INFO]: Environment: Environment[sessionHost=https://sessionserver.mojang.com, servicesHost=https://api.minecraftservices.com, name=PROD]
[20:22:59] [ServerMain/INFO]: Loaded 1370 recipes
[20:22:59] [ServerMain/INFO]: Loaded 1481 advancements
[20:23:00] [Server thread/INFO]: Starting minecraft server version 1.21.4
[20:23:00] [Server thread/INFO]: Loading properties
[20:23:00] [Server thread/INFO]: Default game type: SURVIVAL
[20:23:00] [Server thread/INFO]: Generating keypair
[20:23:00] [Server thread/INFO]: Starting Minecraft server on *:25565
[20:23:00] [Server thread/INFO]: Using default channel type
[20:23:00] [Server thread/INFO]: Preparing level "world"
[20:23:00] [Server thread/INFO]: Preparing start region for dimension minecraft:overworld
[20:23:01] [Worker-Main-5/INFO]: Preparing spawn area: 0%
[20:23:01] [Worker-Main-5/INFO]: Preparing spawn area: 0%
[20:23:01] [Worker-Main-5/INFO]: Preparing spawn area: 0%
[20:23:01] [Server thread/INFO]: Time elapsed: 1039 ms
[20:23:01] [Server thread/INFO]: Done (1.209s)! For help, type "help"
[20:23:14] [User Authenticator #1/INFO]: UUID of player AMeiKun is 2d4dd400-851e-44b4-9512-e99c93554c70
[20:23:14] [Server thread/INFO]: AMeiKun[/127.0.0.1:58501] logged in with entity id 11 at (-54.57610649812833, 66.0, -848.0939767990681)
[20:23:14] [Server thread/INFO]: AMeiKun joined the game
[20:23:22] [Server thread/WARN]: Can't keep up! Is the server overloaded? Running 2495ms or 49 ticks behind
[21:06:36] [Server thread/WARN]: Can't keep up! Is the server overloaded? Running 2018ms or 40 ticks behind
[21:22:10] [Server thread/INFO]: AMeiKun lost connection: Disconnected
[21:22:10] [Server thread/INFO]: AMeiKun left the game
[21:23:10] [Server thread/INFO]: Server empty for 60 seconds, pausing
[21:33:21] [Server thread/INFO]: Stopping server
[21:33:21] [Server thread/INFO]: Saving players
[21:33:21] [Server thread/INFO]: Saving worlds
[21:33:21] [Server thread/INFO]: Saving chunks for level 'ServerLevel[world]'/minecraft:overworld
[21:33:21] [Server thread/INFO]: Saving chunks for level 'ServerLevel[world]'/minecraft:the_end
[21:33:21] [Server thread/INFO]: Saving chunks for level 'ServerLevel[world]'/minecraft:the_nether
[21:33:21] [Server thread/INFO]: ThreadedAnvilChunkStorage (world): All chunks are saved
[21:33:21] [Server thread/INFO]: ThreadedAnvilChunkStorage (DIM1): All chunks are saved
[21:33:21] [Server thread/INFO]: ThreadedAnvilChunkStorage (DIM-1): All chunks are saved
[21:33:21] [Server thread/INFO]: ThreadedAnvilChunkStorage: All dimensions are saved
